                        .module smg_run.c
                        .area text(rom, con, rel)
 0000                   .dbfile C:\Users\zteng\OneDrive\文档\电子线路设计\1接收板程序\smg_run.c
                        .area data(ram, con, rel)
 0000                   .dbfile C:\Users\zteng\OneDrive\文档\电子线路设计\1接收板程序\smg_run.c
 0000           _temp_value::
 0000                   .blkb 2
                        .area idata
 0000 0000              .word 0
                        .area data(ram, con, rel)
 0002                   .dbfile C:\Users\zteng\OneDrive\文档\电子线路设计\1接收板程序\smg_run.c
 0002                   .blkb 2
                        .area idata
 0002 0200              .word 2
                        .area data(ram, con, rel)
 0004                   .dbfile C:\Users\zteng\OneDrive\文档\电子线路设计\1接收板程序\smg_run.c
 0004                   .blkb 2
                        .area idata
 0004 0400              .word 4
                        .area data(ram, con, rel)
 0006                   .dbfile C:\Users\zteng\OneDrive\文档\电子线路设计\1接收板程序\smg_run.c
 0006                   .blkb 2
                        .area idata
 0006 0600              .word 6
                        .area data(ram, con, rel)
 0008                   .dbfile C:\Users\zteng\OneDrive\文档\电子线路设计\1接收板程序\smg_run.c
 0008                   .blkb 2
                        .area idata
 0008 0800              .word 8
                        .area data(ram, con, rel)
 000A                   .dbfile C:\Users\zteng\OneDrive\文档\电子线路设计\1接收板程序\smg_run.c
 000A                   .blkb 2
                        .area idata
 000A 0A00              .word 10
                        .area data(ram, con, rel)
 000C                   .dbfile C:\Users\zteng\OneDrive\文档\电子线路设计\1接收板程序\smg_run.c
 000C                   .blkb 2
                        .area idata
 000C 0C00              .word 12
                        .area data(ram, con, rel)
 000E                   .dbfile C:\Users\zteng\OneDrive\文档\电子线路设计\1接收板程序\smg_run.c
 000E                   .blkb 2
                        .area idata
 000E 0E00              .word 14
                        .area data(ram, con, rel)
 0010                   .dbfile C:\Users\zteng\OneDrive\文档\电子线路设计\1接收板程序\smg_run.c
 0010                   .blkb 2
                        .area idata
 0010 1000              .word 16
                        .area data(ram, con, rel)
 0012                   .dbfile C:\Users\zteng\OneDrive\文档\电子线路设计\1接收板程序\smg_run.c
 0012                   .blkb 2
                        .area idata
 0012 1200              .word 18
                        .area data(ram, con, rel)
 0014                   .dbfile C:\Users\zteng\OneDrive\文档\电子线路设计\1接收板程序\smg_run.c
 0014                   .blkb 2
                        .area idata
 0014 1400              .word 20
                        .area data(ram, con, rel)
 0016                   .dbfile C:\Users\zteng\OneDrive\文档\电子线路设计\1接收板程序\smg_run.c
 0016                   .blkb 2
                        .area idata
 0016 1600              .word 22
                        .area data(ram, con, rel)
 0018                   .dbfile C:\Users\zteng\OneDrive\文档\电子线路设计\1接收板程序\smg_run.c
 0018                   .blkb 2
                        .area idata
 0018 1800              .word 24
                        .area data(ram, con, rel)
 001A                   .dbfile C:\Users\zteng\OneDrive\文档\电子线路设计\1接收板程序\smg_run.c
 001A                   .blkb 2
                        .area idata
 001A 1A00              .word 26
                        .area data(ram, con, rel)
 001C                   .dbfile C:\Users\zteng\OneDrive\文档\电子线路设计\1接收板程序\smg_run.c
 001C                   .blkb 2
                        .area idata
 001C 1C00              .word 28
                        .area data(ram, con, rel)
 001E                   .dbfile C:\Users\zteng\OneDrive\文档\电子线路设计\1接收板程序\smg_run.c
 001E                   .blkb 2
                        .area idata
 001E 1E00              .word 30
                        .area data(ram, con, rel)
 0020                   .dbfile C:\Users\zteng\OneDrive\文档\电子线路设计\1接收板程序\smg_run.c
 0020                   .blkb 2
                        .area idata
 0020 2000              .word 32
                        .area data(ram, con, rel)
 0022                   .dbfile C:\Users\zteng\OneDrive\文档\电子线路设计\1接收板程序\smg_run.c
 0022                   .blkb 2
                        .area idata
 0022 2200              .word 34
                        .area data(ram, con, rel)
 0024                   .dbfile C:\Users\zteng\OneDrive\文档\电子线路设计\1接收板程序\smg_run.c
 0024                   .blkb 2
                        .area idata
 0024 2400              .word 36
                        .area data(ram, con, rel)
 0026                   .dbfile C:\Users\zteng\OneDrive\文档\电子线路设计\1接收板程序\smg_run.c
 0026                   .blkb 2
                        .area idata
 0026 2600              .word 38
                        .area data(ram, con, rel)
 0028                   .dbfile C:\Users\zteng\OneDrive\文档\电子线路设计\1接收板程序\smg_run.c
 0028                   .blkb 2
                        .area idata
 0028 2800              .word 40
                        .area data(ram, con, rel)
 002A                   .dbfile C:\Users\zteng\OneDrive\文档\电子线路设计\1接收板程序\smg_run.c
 002A                   .blkb 2
                        .area idata
 002A 2A00              .word 42
                        .area data(ram, con, rel)
 002C                   .dbfile C:\Users\zteng\OneDrive\文档\电子线路设计\1接收板程序\smg_run.c
 002C                   .blkb 2
                        .area idata
 002C 2C00              .word 44
                        .area data(ram, con, rel)
 002E                   .dbfile C:\Users\zteng\OneDrive\文档\电子线路设计\1接收板程序\smg_run.c
 002E                   .blkb 2
                        .area idata
 002E 2E00              .word 46
                        .area data(ram, con, rel)
 0030                   .dbfile C:\Users\zteng\OneDrive\文档\电子线路设计\1接收板程序\smg_run.c
 0030                   .blkb 2
                        .area idata
 0030 3000              .word 48
                        .area data(ram, con, rel)
 0032                   .dbfile C:\Users\zteng\OneDrive\文档\电子线路设计\1接收板程序\smg_run.c
 0032                   .blkb 2
                        .area idata
 0032 3200              .word 50
                        .area data(ram, con, rel)
 0034                   .dbfile C:\Users\zteng\OneDrive\文档\电子线路设计\1接收板程序\smg_run.c
 0034                   .blkb 2
                        .area idata
 0034 3400              .word 52
                        .area data(ram, con, rel)
 0036                   .dbfile C:\Users\zteng\OneDrive\文档\电子线路设计\1接收板程序\smg_run.c
 0036                   .blkb 2
                        .area idata
 0036 3600              .word 54
                        .area data(ram, con, rel)
 0038                   .dbfile C:\Users\zteng\OneDrive\文档\电子线路设计\1接收板程序\smg_run.c
 0038                   .blkb 2
                        .area idata
 0038 3800              .word 56
                        .area data(ram, con, rel)
 003A                   .dbfile C:\Users\zteng\OneDrive\文档\电子线路设计\1接收板程序\smg_run.c
 003A                   .blkb 2
                        .area idata
 003A 3A00              .word 58
                        .area data(ram, con, rel)
 003C                   .dbfile C:\Users\zteng\OneDrive\文档\电子线路设计\1接收板程序\smg_run.c
 003C                   .blkb 2
                        .area idata
 003C 3C00              .word 60
                        .area data(ram, con, rel)
 003E                   .dbfile C:\Users\zteng\OneDrive\文档\电子线路设计\1接收板程序\smg_run.c
 003E                   .blkb 2
                        .area idata
 003E 3E00              .word 62
                        .area data(ram, con, rel)
 0040                   .dbfile C:\Users\zteng\OneDrive\文档\电子线路设计\1接收板程序\smg_run.c
 0040                   .blkb 2
                        .area idata
 0040 4000              .word 64
                        .area data(ram, con, rel)
 0042                   .dbfile C:\Users\zteng\OneDrive\文档\电子线路设计\1接收板程序\smg_run.c
 0042                   .blkb 2
                        .area idata
 0042 4200              .word 66
                        .area data(ram, con, rel)
 0044                   .dbfile C:\Users\zteng\OneDrive\文档\电子线路设计\1接收板程序\smg_run.c
 0044                   .blkb 2
                        .area idata
 0044 4400              .word 68
                        .area data(ram, con, rel)
 0046                   .dbfile C:\Users\zteng\OneDrive\文档\电子线路设计\1接收板程序\smg_run.c
 0046                   .blkb 2
                        .area idata
 0046 4600              .word 70
                        .area data(ram, con, rel)
 0048                   .dbfile C:\Users\zteng\OneDrive\文档\电子线路设计\1接收板程序\smg_run.c
 0048                   .blkb 2
                        .area idata
 0048 4800              .word 72
                        .area data(ram, con, rel)
 004A                   .dbfile C:\Users\zteng\OneDrive\文档\电子线路设计\1接收板程序\smg_run.c
 004A                   .blkb 2
                        .area idata
 004A 4A00              .word 74
                        .area data(ram, con, rel)
 004C                   .dbfile C:\Users\zteng\OneDrive\文档\电子线路设计\1接收板程序\smg_run.c
 004C                   .blkb 2
                        .area idata
 004C 4C00              .word 76
                        .area data(ram, con, rel)
 004E                   .dbfile C:\Users\zteng\OneDrive\文档\电子线路设计\1接收板程序\smg_run.c
 004E                   .blkb 2
                        .area idata
 004E 4E00              .word 78
                        .area data(ram, con, rel)
 0050                   .dbfile C:\Users\zteng\OneDrive\文档\电子线路设计\1接收板程序\smg_run.c
 0050                   .blkb 2
                        .area idata
 0050 5000              .word 80
                        .area data(ram, con, rel)
 0052                   .dbfile C:\Users\zteng\OneDrive\文档\电子线路设计\1接收板程序\smg_run.c
 0052                   .blkb 2
                        .area idata
 0052 5200              .word 82
                        .area data(ram, con, rel)
 0054                   .dbfile C:\Users\zteng\OneDrive\文档\电子线路设计\1接收板程序\smg_run.c
 0054                   .blkb 2
                        .area idata
 0054 5400              .word 84
                        .area data(ram, con, rel)
 0056                   .dbfile C:\Users\zteng\OneDrive\文档\电子线路设计\1接收板程序\smg_run.c
 0056                   .blkb 2
                        .area idata
 0056 5600              .word 86
                        .area data(ram, con, rel)
 0058                   .dbfile C:\Users\zteng\OneDrive\文档\电子线路设计\1接收板程序\smg_run.c
 0058                   .blkb 2
                        .area idata
 0058 5800              .word 88
                        .area data(ram, con, rel)
 005A                   .dbfile C:\Users\zteng\OneDrive\文档\电子线路设计\1接收板程序\smg_run.c
 005A                   .blkb 2
                        .area idata
 005A 5A00              .word 90
                        .area data(ram, con, rel)
 005C                   .dbfile C:\Users\zteng\OneDrive\文档\电子线路设计\1接收板程序\smg_run.c
 005C                   .blkb 2
                        .area idata
 005C 5C00              .word 92
                        .area data(ram, con, rel)
 005E                   .dbfile C:\Users\zteng\OneDrive\文档\电子线路设计\1接收板程序\smg_run.c
 005E                   .blkb 2
                        .area idata
 005E 5E00              .word 94
                        .area data(ram, con, rel)
 0060                   .dbfile C:\Users\zteng\OneDrive\文档\电子线路设计\1接收板程序\smg_run.c
 0060                   .blkb 2
                        .area idata
 0060 6000              .word 96
                        .area data(ram, con, rel)
 0062                   .dbfile C:\Users\zteng\OneDrive\文档\电子线路设计\1接收板程序\smg_run.c
 0062                   .blkb 2
                        .area idata
 0062 6200              .word 98
                        .area data(ram, con, rel)
 0064                   .dbfile C:\Users\zteng\OneDrive\文档\电子线路设计\1接收板程序\smg_run.c
 0064                   .blkb 2
                        .area idata
 0064 6400              .word 100
                        .area data(ram, con, rel)
 0066                   .dbfile C:\Users\zteng\OneDrive\文档\电子线路设计\1接收板程序\smg_run.c
 0066                   .blkb 2
                        .area idata
 0066 6600              .word 102
                        .area data(ram, con, rel)
 0068                   .dbfile C:\Users\zteng\OneDrive\文档\电子线路设计\1接收板程序\smg_run.c
 0068                   .blkb 2
                        .area idata
 0068 6800              .word 104
                        .area data(ram, con, rel)
 006A                   .dbfile C:\Users\zteng\OneDrive\文档\电子线路设计\1接收板程序\smg_run.c
 006A                   .blkb 2
                        .area idata
 006A 6A00              .word 106
                        .area data(ram, con, rel)
 006C                   .dbfile C:\Users\zteng\OneDrive\文档\电子线路设计\1接收板程序\smg_run.c
 006C                   .blkb 2
                        .area idata
 006C 6C00              .word 108
                        .area data(ram, con, rel)
 006E                   .dbfile C:\Users\zteng\OneDrive\文档\电子线路设计\1接收板程序\smg_run.c
 006E                   .blkb 2
                        .area idata
 006E 6E00              .word 110
                        .area data(ram, con, rel)
 0070                   .dbfile C:\Users\zteng\OneDrive\文档\电子线路设计\1接收板程序\smg_run.c
 0070                   .blkb 2
                        .area idata
 0070 7000              .word 112
                        .area data(ram, con, rel)
 0072                   .dbfile C:\Users\zteng\OneDrive\文档\电子线路设计\1接收板程序\smg_run.c
 0072                   .blkb 2
                        .area idata
 0072 7200              .word 114
                        .area data(ram, con, rel)
 0074                   .dbfile C:\Users\zteng\OneDrive\文档\电子线路设计\1接收板程序\smg_run.c
 0074                   .blkb 2
                        .area idata
 0074 7400              .word 116
                        .area data(ram, con, rel)
 0076                   .dbfile C:\Users\zteng\OneDrive\文档\电子线路设计\1接收板程序\smg_run.c
 0076                   .blkb 2
                        .area idata
 0076 7600              .word 118
                        .area data(ram, con, rel)
 0078                   .dbfile C:\Users\zteng\OneDrive\文档\电子线路设计\1接收板程序\smg_run.c
 0078                   .blkb 2
                        .area idata
 0078 7800              .word 120
                        .area data(ram, con, rel)
 007A                   .dbfile C:\Users\zteng\OneDrive\文档\电子线路设计\1接收板程序\smg_run.c
 007A                   .blkb 2
                        .area idata
 007A 7A00              .word 122
                        .area data(ram, con, rel)
 007C                   .dbfile C:\Users\zteng\OneDrive\文档\电子线路设计\1接收板程序\smg_run.c
 007C                   .blkb 2
                        .area idata
 007C 7C00              .word 124
                        .area data(ram, con, rel)
 007E                   .dbfile C:\Users\zteng\OneDrive\文档\电子线路设计\1接收板程序\smg_run.c
 007E                   .blkb 2
                        .area idata
 007E 7E00              .word 126
                        .area data(ram, con, rel)
 0080                   .dbfile C:\Users\zteng\OneDrive\文档\电子线路设计\1接收板程序\smg_run.c
 0080                   .blkb 2
                        .area idata
 0080 8000              .word 128
                        .area data(ram, con, rel)
 0082                   .dbfile C:\Users\zteng\OneDrive\文档\电子线路设计\1接收板程序\smg_run.c
 0082                   .blkb 2
                        .area idata
 0082 8200              .word 130
                        .area data(ram, con, rel)
 0084                   .dbfile C:\Users\zteng\OneDrive\文档\电子线路设计\1接收板程序\smg_run.c
 0084                   .blkb 2
                        .area idata
 0084 8400              .word 132
                        .area data(ram, con, rel)
 0086                   .dbfile C:\Users\zteng\OneDrive\文档\电子线路设计\1接收板程序\smg_run.c
 0086                   .blkb 2
                        .area idata
 0086 8600              .word 134
                        .area data(ram, con, rel)
 0088                   .dbfile C:\Users\zteng\OneDrive\文档\电子线路设计\1接收板程序\smg_run.c
 0088                   .blkb 2
                        .area idata
 0088 8800              .word 136
                        .area data(ram, con, rel)
 008A                   .dbfile C:\Users\zteng\OneDrive\文档\电子线路设计\1接收板程序\smg_run.c
 008A                   .blkb 2
                        .area idata
 008A 8A00              .word 138
                        .area data(ram, con, rel)
 008C                   .dbfile C:\Users\zteng\OneDrive\文档\电子线路设计\1接收板程序\smg_run.c
 008C                   .blkb 2
                        .area idata
 008C 8C00              .word 140
                        .area data(ram, con, rel)
 008E                   .dbfile C:\Users\zteng\OneDrive\文档\电子线路设计\1接收板程序\smg_run.c
 008E                   .blkb 2
                        .area idata
 008E 8E00              .word 142
                        .area data(ram, con, rel)
 0090                   .dbfile C:\Users\zteng\OneDrive\文档\电子线路设计\1接收板程序\smg_run.c
 0090                   .blkb 2
                        .area idata
 0090 9000              .word 144
                        .area data(ram, con, rel)
 0092                   .dbfile C:\Users\zteng\OneDrive\文档\电子线路设计\1接收板程序\smg_run.c
 0092                   .blkb 2
                        .area idata
 0092 9200              .word 146
                        .area data(ram, con, rel)
 0094                   .dbfile C:\Users\zteng\OneDrive\文档\电子线路设计\1接收板程序\smg_run.c
 0094                   .blkb 2
                        .area idata
 0094 9400              .word 148
                        .area data(ram, con, rel)
 0096                   .dbfile C:\Users\zteng\OneDrive\文档\电子线路设计\1接收板程序\smg_run.c
 0096                   .blkb 2
                        .area idata
 0096 9600              .word 150
                        .area data(ram, con, rel)
 0098                   .dbfile C:\Users\zteng\OneDrive\文档\电子线路设计\1接收板程序\smg_run.c
 0098                   .blkb 2
                        .area idata
 0098 9800              .word 152
                        .area data(ram, con, rel)
 009A                   .dbfile C:\Users\zteng\OneDrive\文档\电子线路设计\1接收板程序\smg_run.c
 009A                   .blkb 2
                        .area idata
 009A 9A00              .word 154
                        .area data(ram, con, rel)
 009C                   .dbfile C:\Users\zteng\OneDrive\文档\电子线路设计\1接收板程序\smg_run.c
 009C                   .blkb 2
                        .area idata
 009C 9C00              .word 156
                        .area data(ram, con, rel)
 009E                   .dbfile C:\Users\zteng\OneDrive\文档\电子线路设计\1接收板程序\smg_run.c
 009E                   .blkb 2
                        .area idata
 009E 9E00              .word 158
                        .area data(ram, con, rel)
 00A0                   .dbfile C:\Users\zteng\OneDrive\文档\电子线路设计\1接收板程序\smg_run.c
 00A0                   .blkb 2
                        .area idata
 00A0 A000              .word 160
                        .area data(ram, con, rel)
 00A2                   .dbfile C:\Users\zteng\OneDrive\文档\电子线路设计\1接收板程序\smg_run.c
 00A2                   .blkb 2
                        .area idata
 00A2 A200              .word 162
                        .area data(ram, con, rel)
 00A4                   .dbfile C:\Users\zteng\OneDrive\文档\电子线路设计\1接收板程序\smg_run.c
 00A4                   .blkb 2
                        .area idata
 00A4 A400              .word 164
                        .area data(ram, con, rel)
 00A6                   .dbfile C:\Users\zteng\OneDrive\文档\电子线路设计\1接收板程序\smg_run.c
 00A6                   .blkb 2
                        .area idata
 00A6 A600              .word 166
                        .area data(ram, con, rel)
 00A8                   .dbfile C:\Users\zteng\OneDrive\文档\电子线路设计\1接收板程序\smg_run.c
 00A8                   .blkb 2
                        .area idata
 00A8 A800              .word 168
                        .area data(ram, con, rel)
 00AA                   .dbfile C:\Users\zteng\OneDrive\文档\电子线路设计\1接收板程序\smg_run.c
 00AA                   .blkb 2
                        .area idata
 00AA AA00              .word 170
                        .area data(ram, con, rel)
 00AC                   .dbfile C:\Users\zteng\OneDrive\文档\电子线路设计\1接收板程序\smg_run.c
 00AC                   .blkb 2
                        .area idata
 00AC AC00              .word 172
                        .area data(ram, con, rel)
 00AE                   .dbfile C:\Users\zteng\OneDrive\文档\电子线路设计\1接收板程序\smg_run.c
 00AE                   .blkb 2
                        .area idata
 00AE AE00              .word 174
                        .area data(ram, con, rel)
 00B0                   .dbfile C:\Users\zteng\OneDrive\文档\电子线路设计\1接收板程序\smg_run.c
 00B0                   .blkb 2
                        .area idata
 00B0 B000              .word 176
                        .area data(ram, con, rel)
 00B2                   .dbfile C:\Users\zteng\OneDrive\文档\电子线路设计\1接收板程序\smg_run.c
 00B2                   .blkb 2
                        .area idata
 00B2 B200              .word 178
                        .area data(ram, con, rel)
 00B4                   .dbfile C:\Users\zteng\OneDrive\文档\电子线路设计\1接收板程序\smg_run.c
 00B4                   .blkb 2
                        .area idata
 00B4 B400              .word 180
                        .area data(ram, con, rel)
 00B6                   .dbfile C:\Users\zteng\OneDrive\文档\电子线路设计\1接收板程序\smg_run.c
 00B6                   .blkb 2
                        .area idata
 00B6 B600              .word 182
                        .area data(ram, con, rel)
 00B8                   .dbfile C:\Users\zteng\OneDrive\文档\电子线路设计\1接收板程序\smg_run.c
 00B8                   .blkb 2
                        .area idata
 00B8 B800              .word 184
                        .area data(ram, con, rel)
 00BA                   .dbfile C:\Users\zteng\OneDrive\文档\电子线路设计\1接收板程序\smg_run.c
 00BA                   .blkb 2
                        .area idata
 00BA BA00              .word 186
                        .area data(ram, con, rel)
 00BC                   .dbfile C:\Users\zteng\OneDrive\文档\电子线路设计\1接收板程序\smg_run.c
 00BC                   .blkb 2
                        .area idata
 00BC BC00              .word 188
                        .area data(ram, con, rel)
 00BE                   .dbfile C:\Users\zteng\OneDrive\文档\电子线路设计\1接收板程序\smg_run.c
 00BE                   .blkb 2
                        .area idata
 00BE BE00              .word 190
                        .area data(ram, con, rel)
 00C0                   .dbfile C:\Users\zteng\OneDrive\文档\电子线路设计\1接收板程序\smg_run.c
 00C0                   .blkb 2
                        .area idata
 00C0 C000              .word 192
                        .area data(ram, con, rel)
 00C2                   .dbfile C:\Users\zteng\OneDrive\文档\电子线路设计\1接收板程序\smg_run.c
 00C2                   .blkb 2
                        .area idata
 00C2 C200              .word 194
                        .area data(ram, con, rel)
 00C4                   .dbfile C:\Users\zteng\OneDrive\文档\电子线路设计\1接收板程序\smg_run.c
 00C4                   .blkb 2
                        .area idata
 00C4 C400              .word 196
                        .area data(ram, con, rel)
 00C6                   .dbfile C:\Users\zteng\OneDrive\文档\电子线路设计\1接收板程序\smg_run.c
 00C6                   .blkb 2
                        .area idata
 00C6 C600              .word 198
                        .area data(ram, con, rel)
 00C8                   .dbfile C:\Users\zteng\OneDrive\文档\电子线路设计\1接收板程序\smg_run.c
 00C8                   .blkb 2
                        .area idata
 00C8 C800              .word 200
                        .area data(ram, con, rel)
 00CA                   .dbfile C:\Users\zteng\OneDrive\文档\电子线路设计\1接收板程序\smg_run.c
 00CA                   .blkb 2
                        .area idata
 00CA CA00              .word 202
                        .area data(ram, con, rel)
 00CC                   .dbfile C:\Users\zteng\OneDrive\文档\电子线路设计\1接收板程序\smg_run.c
 00CC                   .blkb 2
                        .area idata
 00CC CC00              .word 204
                        .area data(ram, con, rel)
 00CE                   .dbfile C:\Users\zteng\OneDrive\文档\电子线路设计\1接收板程序\smg_run.c
 00CE                   .blkb 2
                        .area idata
 00CE CE00              .word 206
                        .area data(ram, con, rel)
 00D0                   .dbfile C:\Users\zteng\OneDrive\文档\电子线路设计\1接收板程序\smg_run.c
 00D0                   .blkb 2
                        .area idata
 00D0 D000              .word 208
                        .area data(ram, con, rel)
 00D2                   .dbfile C:\Users\zteng\OneDrive\文档\电子线路设计\1接收板程序\smg_run.c
 00D2                   .blkb 2
                        .area idata
 00D2 D200              .word 210
                        .area data(ram, con, rel)
 00D4                   .dbfile C:\Users\zteng\OneDrive\文档\电子线路设计\1接收板程序\smg_run.c
 00D4                   .blkb 2
                        .area idata
 00D4 D400              .word 212
                        .area data(ram, con, rel)
 00D6                   .dbfile C:\Users\zteng\OneDrive\文档\电子线路设计\1接收板程序\smg_run.c
 00D6                   .blkb 2
                        .area idata
 00D6 D600              .word 214
                        .area data(ram, con, rel)
 00D8                   .dbfile C:\Users\zteng\OneDrive\文档\电子线路设计\1接收板程序\smg_run.c
 00D8                   .blkb 2
                        .area idata
 00D8 D800              .word 216
                        .area data(ram, con, rel)
 00DA                   .dbfile C:\Users\zteng\OneDrive\文档\电子线路设计\1接收板程序\smg_run.c
 00DA                   .blkb 2
                        .area idata
 00DA DA00              .word 218
                        .area data(ram, con, rel)
 00DC                   .dbfile C:\Users\zteng\OneDrive\文档\电子线路设计\1接收板程序\smg_run.c
 00DC                   .blkb 2
                        .area idata
 00DC DC00              .word 220
                        .area data(ram, con, rel)
 00DE                   .dbfile C:\Users\zteng\OneDrive\文档\电子线路设计\1接收板程序\smg_run.c
 00DE                   .blkb 2
                        .area idata
 00DE DE00              .word 222
                        .area data(ram, con, rel)
 00E0                   .dbfile C:\Users\zteng\OneDrive\文档\电子线路设计\1接收板程序\smg_run.c
 00E0                   .blkb 2
                        .area idata
 00E0 E000              .word 224
                        .area data(ram, con, rel)
 00E2                   .dbfile C:\Users\zteng\OneDrive\文档\电子线路设计\1接收板程序\smg_run.c
 00E2                   .blkb 2
                        .area idata
 00E2 E200              .word 226
                        .area data(ram, con, rel)
 00E4                   .dbfile C:\Users\zteng\OneDrive\文档\电子线路设计\1接收板程序\smg_run.c
 00E4                   .blkb 2
                        .area idata
 00E4 E400              .word 228
                        .area data(ram, con, rel)
 00E6                   .dbfile C:\Users\zteng\OneDrive\文档\电子线路设计\1接收板程序\smg_run.c
 00E6                   .blkb 2
                        .area idata
 00E6 E600              .word 230
                        .area data(ram, con, rel)
 00E8                   .dbfile C:\Users\zteng\OneDrive\文档\电子线路设计\1接收板程序\smg_run.c
 00E8                   .blkb 2
                        .area idata
 00E8 E800              .word 232
                        .area data(ram, con, rel)
 00EA                   .dbfile C:\Users\zteng\OneDrive\文档\电子线路设计\1接收板程序\smg_run.c
 00EA                   .blkb 2
                        .area idata
 00EA EA00              .word 234
                        .area data(ram, con, rel)
 00EC                   .dbfile C:\Users\zteng\OneDrive\文档\电子线路设计\1接收板程序\smg_run.c
 00EC                   .blkb 2
                        .area idata
 00EC EC00              .word 236
                        .area data(ram, con, rel)
 00EE                   .dbfile C:\Users\zteng\OneDrive\文档\电子线路设计\1接收板程序\smg_run.c
 00EE                   .blkb 2
                        .area idata
 00EE EE00              .word 238
                        .area data(ram, con, rel)
 00F0                   .dbfile C:\Users\zteng\OneDrive\文档\电子线路设计\1接收板程序\smg_run.c
 00F0                   .blkb 2
                        .area idata
 00F0 F000              .word 240
                        .area data(ram, con, rel)
 00F2                   .dbfile C:\Users\zteng\OneDrive\文档\电子线路设计\1接收板程序\smg_run.c
 00F2                   .blkb 2
                        .area idata
 00F2 F200              .word 242
                        .area data(ram, con, rel)
 00F4                   .dbfile C:\Users\zteng\OneDrive\文档\电子线路设计\1接收板程序\smg_run.c
 00F4                   .blkb 2
                        .area idata
 00F4 F400              .word 244
                        .area data(ram, con, rel)
 00F6                   .dbfile C:\Users\zteng\OneDrive\文档\电子线路设计\1接收板程序\smg_run.c
 00F6                   .blkb 2
                        .area idata
 00F6 F600              .word 246
                        .area data(ram, con, rel)
 00F8                   .dbfile C:\Users\zteng\OneDrive\文档\电子线路设计\1接收板程序\smg_run.c
 00F8                   .blkb 2
                        .area idata
 00F8 F800              .word 248
                        .area data(ram, con, rel)
 00FA                   .dbfile C:\Users\zteng\OneDrive\文档\电子线路设计\1接收板程序\smg_run.c
 00FA                   .blkb 2
                        .area idata
 00FA FA00              .word 250
                        .area data(ram, con, rel)
 00FC                   .dbfile C:\Users\zteng\OneDrive\文档\电子线路设计\1接收板程序\smg_run.c
 00FC                   .blkb 2
                        .area idata
 00FC FC00              .word 252
                        .area data(ram, con, rel)
 00FE                   .dbfile C:\Users\zteng\OneDrive\文档\电子线路设计\1接收板程序\smg_run.c
 00FE                   .blkb 2
                        .area idata
 00FE FE00              .word 254
                        .area data(ram, con, rel)
 0100                   .dbfile C:\Users\zteng\OneDrive\文档\电子线路设计\1接收板程序\smg_run.c
 0100                   .blkb 2
                        .area idata
 0100 0001              .word 256
                        .area data(ram, con, rel)
 0102                   .dbfile C:\Users\zteng\OneDrive\文档\电子线路设计\1接收板程序\smg_run.c
 0102                   .blkb 2
                        .area idata
 0102 0201              .word 258
                        .area data(ram, con, rel)
 0104                   .dbfile C:\Users\zteng\OneDrive\文档\电子线路设计\1接收板程序\smg_run.c
 0104                   .blkb 2
                        .area idata
 0104 0401              .word 260
                        .area data(ram, con, rel)
 0106                   .dbfile C:\Users\zteng\OneDrive\文档\电子线路设计\1接收板程序\smg_run.c
 0106                   .blkb 2
                        .area idata
 0106 0601              .word 262
                        .area data(ram, con, rel)
 0108                   .dbfile C:\Users\zteng\OneDrive\文档\电子线路设计\1接收板程序\smg_run.c
 0108                   .blkb 2
                        .area idata
 0108 0801              .word 264
                        .area data(ram, con, rel)
 010A                   .dbfile C:\Users\zteng\OneDrive\文档\电子线路设计\1接收板程序\smg_run.c
 010A                   .blkb 2
                        .area idata
 010A 0A01              .word 266
                        .area data(ram, con, rel)
 010C                   .dbfile C:\Users\zteng\OneDrive\文档\电子线路设计\1接收板程序\smg_run.c
 010C                   .blkb 2
                        .area idata
 010C 0C01              .word 268
                        .area data(ram, con, rel)
 010E                   .dbfile C:\Users\zteng\OneDrive\文档\电子线路设计\1接收板程序\smg_run.c
 010E                   .blkb 2
                        .area idata
 010E 0E01              .word 270
                        .area data(ram, con, rel)
 0110                   .dbfile C:\Users\zteng\OneDrive\文档\电子线路设计\1接收板程序\smg_run.c
 0110                   .blkb 2
                        .area idata
 0110 1001              .word 272
                        .area data(ram, con, rel)
 0112                   .dbfile C:\Users\zteng\OneDrive\文档\电子线路设计\1接收板程序\smg_run.c
 0112                   .blkb 2
                        .area idata
 0112 1201              .word 274
                        .area data(ram, con, rel)
 0114                   .dbfile C:\Users\zteng\OneDrive\文档\电子线路设计\1接收板程序\smg_run.c
 0114                   .blkb 2
                        .area idata
 0114 1401              .word 276
                        .area data(ram, con, rel)
 0116                   .dbfile C:\Users\zteng\OneDrive\文档\电子线路设计\1接收板程序\smg_run.c
 0116                   .blkb 2
                        .area idata
 0116 1601              .word 278
                        .area data(ram, con, rel)
 0118                   .dbfile C:\Users\zteng\OneDrive\文档\电子线路设计\1接收板程序\smg_run.c
 0118                   .blkb 2
                        .area idata
 0118 1801              .word 280
                        .area data(ram, con, rel)
 011A                   .dbfile C:\Users\zteng\OneDrive\文档\电子线路设计\1接收板程序\smg_run.c
 011A                   .blkb 2
                        .area idata
 011A 1A01              .word 282
                        .area data(ram, con, rel)
 011C                   .dbfile C:\Users\zteng\OneDrive\文档\电子线路设计\1接收板程序\smg_run.c
 011C                   .blkb 2
                        .area idata
 011C 1C01              .word 284
                        .area data(ram, con, rel)
 011E                   .dbfile C:\Users\zteng\OneDrive\文档\电子线路设计\1接收板程序\smg_run.c
 011E                   .blkb 2
                        .area idata
 011E 1E01              .word 286
                        .area data(ram, con, rel)
 0120                   .dbfile C:\Users\zteng\OneDrive\文档\电子线路设计\1接收板程序\smg_run.c
 0120                   .blkb 2
                        .area idata
 0120 2001              .word 288
                        .area data(ram, con, rel)
 0122                   .dbfile C:\Users\zteng\OneDrive\文档\电子线路设计\1接收板程序\smg_run.c
 0122                   .blkb 2
                        .area idata
 0122 2201              .word 290
                        .area data(ram, con, rel)
 0124                   .dbfile C:\Users\zteng\OneDrive\文档\电子线路设计\1接收板程序\smg_run.c
 0124                   .blkb 2
                        .area idata
 0124 2401              .word 292
                        .area data(ram, con, rel)
 0126                   .dbfile C:\Users\zteng\OneDrive\文档\电子线路设计\1接收板程序\smg_run.c
 0126                   .blkb 2
                        .area idata
 0126 2601              .word 294
                        .area data(ram, con, rel)
 0128                   .dbfile C:\Users\zteng\OneDrive\文档\电子线路设计\1接收板程序\smg_run.c
 0128                   .blkb 2
                        .area idata
 0128 2801              .word 296
                        .area data(ram, con, rel)
 012A                   .dbfile C:\Users\zteng\OneDrive\文档\电子线路设计\1接收板程序\smg_run.c
 012A                   .blkb 2
                        .area idata
 012A 2A01              .word 298
                        .area data(ram, con, rel)
 012C                   .dbfile C:\Users\zteng\OneDrive\文档\电子线路设计\1接收板程序\smg_run.c
 012C                   .blkb 2
                        .area idata
 012C 2C01              .word 300
                        .area data(ram, con, rel)
 012E                   .dbfile C:\Users\zteng\OneDrive\文档\电子线路设计\1接收板程序\smg_run.c
 012E                   .blkb 2
                        .area idata
 012E 2E01              .word 302
                        .area data(ram, con, rel)
 0130                   .dbfile C:\Users\zteng\OneDrive\文档\电子线路设计\1接收板程序\smg_run.c
 0130                   .blkb 2
                        .area idata
 0130 3001              .word 304
                        .area data(ram, con, rel)
 0132                   .dbfile C:\Users\zteng\OneDrive\文档\电子线路设计\1接收板程序\smg_run.c
 0132                   .blkb 2
                        .area idata
 0132 3201              .word 306
                        .area data(ram, con, rel)
 0134                   .dbfile C:\Users\zteng\OneDrive\文档\电子线路设计\1接收板程序\smg_run.c
 0134                   .blkb 2
                        .area idata
 0134 3401              .word 308
                        .area data(ram, con, rel)
 0136                   .dbfile C:\Users\zteng\OneDrive\文档\电子线路设计\1接收板程序\smg_run.c
 0136                   .blkb 2
                        .area idata
 0136 3601              .word 310
                        .area data(ram, con, rel)
 0138                   .dbfile C:\Users\zteng\OneDrive\文档\电子线路设计\1接收板程序\smg_run.c
 0138                   .blkb 2
                        .area idata
 0138 3801              .word 312
                        .area data(ram, con, rel)
 013A                   .dbfile C:\Users\zteng\OneDrive\文档\电子线路设计\1接收板程序\smg_run.c
 013A                   .blkb 2
                        .area idata
 013A 3A01              .word 314
                        .area data(ram, con, rel)
 013C                   .dbfile C:\Users\zteng\OneDrive\文档\电子线路设计\1接收板程序\smg_run.c
 013C                   .blkb 2
                        .area idata
 013C 3C01              .word 316
                        .area data(ram, con, rel)
 013E                   .dbfile C:\Users\zteng\OneDrive\文档\电子线路设计\1接收板程序\smg_run.c
 013E                   .blkb 2
                        .area idata
 013E 3E01              .word 318
                        .area data(ram, con, rel)
 0140                   .dbfile C:\Users\zteng\OneDrive\文档\电子线路设计\1接收板程序\smg_run.c
 0140                   .blkb 2
                        .area idata
 0140 4001              .word 320
                        .area data(ram, con, rel)
 0142                   .dbfile C:\Users\zteng\OneDrive\文档\电子线路设计\1接收板程序\smg_run.c
 0142                   .blkb 2
                        .area idata
 0142 4201              .word 322
                        .area data(ram, con, rel)
 0144                   .dbfile C:\Users\zteng\OneDrive\文档\电子线路设计\1接收板程序\smg_run.c
 0144                   .blkb 2
                        .area idata
 0144 4401              .word 324
                        .area data(ram, con, rel)
 0146                   .dbfile C:\Users\zteng\OneDrive\文档\电子线路设计\1接收板程序\smg_run.c
 0146                   .blkb 2
                        .area idata
 0146 4601              .word 326
                        .area data(ram, con, rel)
 0148                   .dbfile C:\Users\zteng\OneDrive\文档\电子线路设计\1接收板程序\smg_run.c
 0148                   .blkb 2
                        .area idata
 0148 4801              .word 328
                        .area data(ram, con, rel)
 014A                   .dbfile C:\Users\zteng\OneDrive\文档\电子线路设计\1接收板程序\smg_run.c
 014A                   .blkb 2
                        .area idata
 014A 4A01              .word 330
                        .area data(ram, con, rel)
 014C                   .dbfile C:\Users\zteng\OneDrive\文档\电子线路设计\1接收板程序\smg_run.c
 014C                   .blkb 2
                        .area idata
 014C 4C01              .word 332
                        .area data(ram, con, rel)
 014E                   .dbfile C:\Users\zteng\OneDrive\文档\电子线路设计\1接收板程序\smg_run.c
 014E                   .blkb 2
                        .area idata
 014E 4E01              .word 334
                        .area data(ram, con, rel)
 0150                   .dbfile C:\Users\zteng\OneDrive\文档\电子线路设计\1接收板程序\smg_run.c
 0150                   .blkb 2
                        .area idata
 0150 5001              .word 336
                        .area data(ram, con, rel)
 0152                   .dbfile C:\Users\zteng\OneDrive\文档\电子线路设计\1接收板程序\smg_run.c
 0152                   .blkb 2
                        .area idata
 0152 5201              .word 338
                        .area data(ram, con, rel)
 0154                   .dbfile C:\Users\zteng\OneDrive\文档\电子线路设计\1接收板程序\smg_run.c
 0154                   .blkb 2
                        .area idata
 0154 5401              .word 340
                        .area data(ram, con, rel)
 0156                   .dbfile C:\Users\zteng\OneDrive\文档\电子线路设计\1接收板程序\smg_run.c
 0156                   .blkb 2
                        .area idata
 0156 5601              .word 342
                        .area data(ram, con, rel)
 0158                   .dbfile C:\Users\zteng\OneDrive\文档\电子线路设计\1接收板程序\smg_run.c
 0158                   .blkb 2
                        .area idata
 0158 5801              .word 344
                        .area data(ram, con, rel)
 015A                   .dbfile C:\Users\zteng\OneDrive\文档\电子线路设计\1接收板程序\smg_run.c
 015A                   .blkb 2
                        .area idata
 015A 5A01              .word 346
                        .area data(ram, con, rel)
 015C                   .dbfile C:\Users\zteng\OneDrive\文档\电子线路设计\1接收板程序\smg_run.c
 015C                   .blkb 2
                        .area idata
 015C 5C01              .word 348
                        .area data(ram, con, rel)
 015E                   .dbfile C:\Users\zteng\OneDrive\文档\电子线路设计\1接收板程序\smg_run.c
 015E                   .blkb 2
                        .area idata
 015E 5E01              .word 350
                        .area data(ram, con, rel)
 0160                   .dbfile C:\Users\zteng\OneDrive\文档\电子线路设计\1接收板程序\smg_run.c
 0160                   .blkb 2
                        .area idata
 0160 6001              .word 352
                        .area data(ram, con, rel)
 0162                   .dbfile C:\Users\zteng\OneDrive\文档\电子线路设计\1接收板程序\smg_run.c
 0162                   .blkb 2
                        .area idata
 0162 6201              .word 354
                        .area data(ram, con, rel)
 0164                   .dbfile C:\Users\zteng\OneDrive\文档\电子线路设计\1接收板程序\smg_run.c
 0164                   .blkb 2
                        .area idata
 0164 6401              .word 356
                        .area data(ram, con, rel)
 0166                   .dbfile C:\Users\zteng\OneDrive\文档\电子线路设计\1接收板程序\smg_run.c
 0166                   .blkb 2
                        .area idata
 0166 6601              .word 358
                        .area data(ram, con, rel)
 0168                   .dbfile C:\Users\zteng\OneDrive\文档\电子线路设计\1接收板程序\smg_run.c
 0168                   .blkb 2
                        .area idata
 0168 6801              .word 360
                        .area data(ram, con, rel)
 016A                   .dbfile C:\Users\zteng\OneDrive\文档\电子线路设计\1接收板程序\smg_run.c
 016A                   .blkb 2
                        .area idata
 016A 6A01              .word 362
                        .area data(ram, con, rel)
 016C                   .dbfile C:\Users\zteng\OneDrive\文档\电子线路设计\1接收板程序\smg_run.c
 016C                   .blkb 2
                        .area idata
 016C 6C01              .word 364
                        .area data(ram, con, rel)
 016E                   .dbfile C:\Users\zteng\OneDrive\文档\电子线路设计\1接收板程序\smg_run.c
 016E                   .blkb 2
                        .area idata
 016E 6E01              .word 366
                        .area data(ram, con, rel)
 0170                   .dbfile C:\Users\zteng\OneDrive\文档\电子线路设计\1接收板程序\smg_run.c
 0170                   .blkb 2
                        .area idata
 0170 7001              .word 368
                        .area data(ram, con, rel)
 0172                   .dbfile C:\Users\zteng\OneDrive\文档\电子线路设计\1接收板程序\smg_run.c
 0172                   .blkb 2
                        .area idata
 0172 7201              .word 370
                        .area data(ram, con, rel)
 0174                   .dbfile C:\Users\zteng\OneDrive\文档\电子线路设计\1接收板程序\smg_run.c
 0174                   .blkb 2
                        .area idata
 0174 7401              .word 372
                        .area data(ram, con, rel)
 0176                   .dbfile C:\Users\zteng\OneDrive\文档\电子线路设计\1接收板程序\smg_run.c
 0176                   .blkb 2
                        .area idata
 0176 7601              .word 374
                        .area data(ram, con, rel)
 0178                   .dbfile C:\Users\zteng\OneDrive\文档\电子线路设计\1接收板程序\smg_run.c
 0178                   .blkb 2
                        .area idata
 0178 7801              .word 376
                        .area data(ram, con, rel)
 017A                   .dbfile C:\Users\zteng\OneDrive\文档\电子线路设计\1接收板程序\smg_run.c
 017A                   .blkb 2
                        .area idata
 017A 7A01              .word 378
                        .area data(ram, con, rel)
 017C                   .dbfile C:\Users\zteng\OneDrive\文档\电子线路设计\1接收板程序\smg_run.c
 017C                   .blkb 2
                        .area idata
 017C 7C01              .word 380
                        .area data(ram, con, rel)
 017E                   .dbfile C:\Users\zteng\OneDrive\文档\电子线路设计\1接收板程序\smg_run.c
 017E                   .blkb 2
                        .area idata
 017E 7E01              .word 382
                        .area data(ram, con, rel)
 0180                   .dbfile C:\Users\zteng\OneDrive\文档\电子线路设计\1接收板程序\smg_run.c
 0180                   .blkb 2
                        .area idata
 0180 8001              .word 384
                        .area data(ram, con, rel)
 0182                   .dbfile C:\Users\zteng\OneDrive\文档\电子线路设计\1接收板程序\smg_run.c
 0182                   .blkb 2
                        .area idata
 0182 8201              .word 386
                        .area data(ram, con, rel)
 0184                   .dbfile C:\Users\zteng\OneDrive\文档\电子线路设计\1接收板程序\smg_run.c
 0184                   .blkb 2
                        .area idata
 0184 8401              .word 388
                        .area data(ram, con, rel)
 0186                   .dbfile C:\Users\zteng\OneDrive\文档\电子线路设计\1接收板程序\smg_run.c
 0186                   .blkb 2
                        .area idata
 0186 8601              .word 390
                        .area data(ram, con, rel)
 0188                   .dbfile C:\Users\zteng\OneDrive\文档\电子线路设计\1接收板程序\smg_run.c
 0188                   .blkb 2
                        .area idata
 0188 8801              .word 392
                        .area data(ram, con, rel)
 018A                   .dbfile C:\Users\zteng\OneDrive\文档\电子线路设计\1接收板程序\smg_run.c
 018A                   .blkb 2
                        .area idata
 018A 8A01              .word 394
                        .area data(ram, con, rel)
 018C                   .dbfile C:\Users\zteng\OneDrive\文档\电子线路设计\1接收板程序\smg_run.c
 018C                   .blkb 2
                        .area idata
 018C 8C01              .word 396
                        .area data(ram, con, rel)
 018E                   .dbfile C:\Users\zteng\OneDrive\文档\电子线路设计\1接收板程序\smg_run.c
 018E                   .blkb 2
                        .area idata
 018E 8E01              .word 398
                        .area data(ram, con, rel)
 0190                   .dbfile C:\Users\zteng\OneDrive\文档\电子线路设计\1接收板程序\smg_run.c
 0190                   .blkb 2
                        .area idata
 0190 9001              .word 400
                        .area data(ram, con, rel)
 0192                   .dbfile C:\Users\zteng\OneDrive\文档\电子线路设计\1接收板程序\smg_run.c
 0192                   .dbsym e temp_value _temp_value A[402:201]I
 0192           _table::
 0192                   .blkb 2
                        .area idata
 0192 3F00              .word 63
                        .area data(ram, con, rel)
 0194                   .dbfile C:\Users\zteng\OneDrive\文档\电子线路设计\1接收板程序\smg_run.c
 0194                   .blkb 2
                        .area idata
 0194 0600              .word 6
                        .area data(ram, con, rel)
 0196                   .dbfile C:\Users\zteng\OneDrive\文档\电子线路设计\1接收板程序\smg_run.c
 0196                   .blkb 2
                        .area idata
 0196 5B00              .word 91
                        .area data(ram, con, rel)
 0198                   .dbfile C:\Users\zteng\OneDrive\文档\电子线路设计\1接收板程序\smg_run.c
 0198                   .blkb 2
                        .area idata
 0198 4F00              .word 79
                        .area data(ram, con, rel)
 019A                   .dbfile C:\Users\zteng\OneDrive\文档\电子线路设计\1接收板程序\smg_run.c
 019A                   .blkb 2
                        .area idata
 019A 6600              .word 102
                        .area data(ram, con, rel)
 019C                   .dbfile C:\Users\zteng\OneDrive\文档\电子线路设计\1接收板程序\smg_run.c
 019C                   .blkb 2
                        .area idata
 019C 6D00              .word 109
                        .area data(ram, con, rel)
 019E                   .dbfile C:\Users\zteng\OneDrive\文档\电子线路设计\1接收板程序\smg_run.c
 019E                   .blkb 2
                        .area idata
 019E 7D00              .word 125
                        .area data(ram, con, rel)
 01A0                   .dbfile C:\Users\zteng\OneDrive\文档\电子线路设计\1接收板程序\smg_run.c
 01A0                   .blkb 2
                        .area idata
 01A0 0700              .word 7
                        .area data(ram, con, rel)
 01A2                   .dbfile C:\Users\zteng\OneDrive\文档\电子线路设计\1接收板程序\smg_run.c
 01A2                   .blkb 2
                        .area idata
 01A2 7F00              .word 127
                        .area data(ram, con, rel)
 01A4                   .dbfile C:\Users\zteng\OneDrive\文档\电子线路设计\1接收板程序\smg_run.c
 01A4                   .blkb 2
                        .area idata
 01A4 6F00              .word 111
                        .area data(ram, con, rel)
 01A6                   .dbfile C:\Users\zteng\OneDrive\文档\电子线路设计\1接收板程序\smg_run.c
 01A6                   .blkb 2
                        .area idata
 01A6 7700              .word 119
                        .area data(ram, con, rel)
 01A8                   .dbfile C:\Users\zteng\OneDrive\文档\电子线路设计\1接收板程序\smg_run.c
 01A8                   .blkb 2
                        .area idata
 01A8 7C00              .word 124
                        .area data(ram, con, rel)
 01AA                   .dbfile C:\Users\zteng\OneDrive\文档\电子线路设计\1接收板程序\smg_run.c
 01AA                   .blkb 2
                        .area idata
 01AA 3900              .word 57
                        .area data(ram, con, rel)
 01AC                   .dbfile C:\Users\zteng\OneDrive\文档\电子线路设计\1接收板程序\smg_run.c
 01AC                   .blkb 2
                        .area idata
 01AC 5E00              .word 94
                        .area data(ram, con, rel)
 01AE                   .dbfile C:\Users\zteng\OneDrive\文档\电子线路设计\1接收板程序\smg_run.c
 01AE                   .blkb 2
                        .area idata
 01AE 7900              .word 121
                        .area data(ram, con, rel)
 01B0                   .dbfile C:\Users\zteng\OneDrive\文档\电子线路设计\1接收板程序\smg_run.c
 01B0                   .blkb 2
                        .area idata
 01B0 7100              .word 113
                        .area data(ram, con, rel)
 01B2                   .dbfile C:\Users\zteng\OneDrive\文档\电子线路设计\1接收板程序\smg_run.c
 01B2                   .dbsym e table _table A[32:16]I
 01B2           _code_value::
 01B2                   .blkb 1
                        .area idata
 01B2 00                .byte 0
                        .area data(ram, con, rel)
 01B3                   .dbfile C:\Users\zteng\OneDrive\文档\电子线路设计\1接收板程序\smg_run.c
 01B3                   .dbsym e code_value _code_value c
 01B3           _code::
 01B3                   .blkb 1
                        .area idata
 01B3 5F                .byte 95
                        .area data(ram, con, rel)
 01B4                   .dbfile C:\Users\zteng\OneDrive\文档\电子线路设计\1接收板程序\smg_run.c
 01B4                   .dbsym e code _code c
                        .area text(rom, con, rel)
 0000                   .dbfile C:\Users\zteng\OneDrive\文档\电子线路设计\1接收板程序\smg_run.c
 0000                   .dbfunc e port_init _port_init fV
                        .even
 0000           _port_init::
 0000                   .dbline -1
 0000                   .dbline 249
 0000           ; #include <iom48v.h>
 0000           ; #include <macros.h>
 0000           ; temp_value[]={
 0000           ; 0     ,
 0000           ; 2     ,
 0000           ; 4     ,
 0000           ; 6     ,
 0000           ; 8     ,
 0000           ; 10    ,
 0000           ; 12    ,
 0000           ; 14    ,
 0000           ; 16    ,
 0000           ; 18    ,
 0000           ; 20    ,
 0000           ; 22    ,
 0000           ; 24    ,
 0000           ; 26    ,
 0000           ; 28    ,
 0000           ; 30    ,
 0000           ; 32    ,
 0000           ; 34    ,
 0000           ; 36    ,
 0000           ; 38    ,
 0000           ; 40    ,
 0000           ; 42    ,
 0000           ; 44    ,
 0000           ; 46    ,
 0000           ; 48    ,
 0000           ; 50    ,
 0000           ; 52    ,
 0000           ; 54    ,
 0000           ; 56    ,
 0000           ; 58    ,
 0000           ; 60    ,
 0000           ; 62    ,
 0000           ; 64    ,
 0000           ; 66    ,
 0000           ; 68    ,
 0000           ; 70    ,
 0000           ; 72    ,
 0000           ; 74    ,
 0000           ; 76    ,
 0000           ; 78    ,
 0000           ; 80    ,
 0000           ; 82    ,
 0000           ; 84    ,
 0000           ; 86    ,
 0000           ; 88    ,
 0000           ; 90    ,
 0000           ; 92    ,
 0000           ; 94    ,
 0000           ; 96    ,
 0000           ; 98    ,
 0000           ; 100   ,
 0000           ; 102   ,
 0000           ; 104   ,
 0000           ; 106   ,
 0000           ; 108   ,
 0000           ; 110   ,
 0000           ; 112   ,
 0000           ; 114   ,
 0000           ; 116   ,
 0000           ; 118   ,
 0000           ; 120   ,
 0000           ; 122   ,
 0000           ; 124   ,
 0000           ; 126   ,
 0000           ; 128   ,
 0000           ; 130   ,
 0000           ; 132   ,
 0000           ; 134   ,
 0000           ; 136   ,
 0000           ; 138   ,
 0000           ; 140   ,
 0000           ; 142   ,
 0000           ; 144   ,
 0000           ; 146   ,
 0000           ; 148   ,
 0000           ; 150   ,
 0000           ; 152   ,
 0000           ; 154   ,
 0000           ; 156   ,
 0000           ; 158   ,
 0000           ; 160   ,
 0000           ; 162   ,
 0000           ; 164   ,
 0000           ; 166   ,
 0000           ; 168   ,
 0000           ; 170   ,
 0000           ; 172   ,
 0000           ; 174   ,
 0000           ; 176   ,
 0000           ; 178   ,
 0000           ; 180   ,
 0000           ; 182   ,
 0000           ; 184   ,
 0000           ; 186   ,
 0000           ; 188   ,
 0000           ; 190   ,
 0000           ; 192   ,
 0000           ; 194   ,
 0000           ; 196   ,
 0000           ; 198   ,
 0000           ; 200   ,
 0000           ; 202   ,
 0000           ; 204   ,
 0000           ; 206   ,
 0000           ; 208   ,
 0000           ; 210   ,
 0000           ; 212   ,
 0000           ; 214   ,
 0000           ; 216   ,
 0000           ; 218   ,
 0000           ; 220   ,
 0000           ; 222   ,
 0000           ; 224   ,
 0000           ; 226   ,
 0000           ; 228   ,
 0000           ; 230   ,
 0000           ; 232   ,
 0000           ; 234   ,
 0000           ; 236   ,
 0000           ; 238   ,
 0000           ; 240   ,
 0000           ; 242   ,
 0000           ; 244   ,
 0000           ; 246   ,
 0000           ; 248   ,
 0000           ; 250   ,
 0000           ; 252   ,
 0000           ; 254   ,
 0000           ; 256   ,
 0000           ; 258   ,
 0000           ; 260   ,
 0000           ; 262   ,
 0000           ; 264   ,
 0000           ; 266   ,
 0000           ; 268   ,
 0000           ; 270   ,
 0000           ; 272   ,
 0000           ; 274   ,
 0000           ; 276   ,
 0000           ; 278   ,
 0000           ; 280   ,
 0000           ; 282   ,
 0000           ; 284   ,
 0000           ; 286   ,
 0000           ; 288   ,
 0000           ; 290   ,
 0000           ; 292   ,
 0000           ; 294   ,
 0000           ; 296   ,
 0000           ; 298   ,
 0000           ; 300   ,
 0000           ; 302   ,
 0000           ; 304   ,
 0000           ; 306   ,
 0000           ; 308   ,
 0000           ; 310   ,
 0000           ; 312   ,
 0000           ; 314   ,
 0000           ; 316   ,
 0000           ; 318   ,
 0000           ; 320   ,
 0000           ; 322   ,
 0000           ; 324   ,
 0000           ; 326   ,
 0000           ; 328   ,
 0000           ; 330   ,
 0000           ; 332   ,
 0000           ; 334   ,
 0000           ; 336   ,
 0000           ; 338   ,
 0000           ; 340   ,
 0000           ; 342   ,
 0000           ; 344   ,
 0000           ; 346   ,
 0000           ; 348   ,
 0000           ; 350   ,
 0000           ; 352   ,
 0000           ; 354   ,
 0000           ; 356   ,
 0000           ; 358   ,
 0000           ; 360   ,
 0000           ; 362   ,
 0000           ; 364   ,
 0000           ; 366   ,
 0000           ; 368   ,
 0000           ; 370   ,
 0000           ; 372   ,
 0000           ; 374   ,
 0000           ; 376   ,
 0000           ; 378   ,
 0000           ; 380   ,
 0000           ; 382   ,
 0000           ; 384   ,
 0000           ; 386   ,
 0000           ; 388   ,
 0000           ; 390   ,
 0000           ; 392   ,
 0000           ; 394   ,
 0000           ; 396   ,
 0000           ; 398   ,
 0000           ; 400   
 0000           ; };
 0000           ; /***********宏定义*************/
 0000           ; #define  uchar unsigned char 
 0000           ; #define  uint unsigned int
 0000           ;                  
 0000           ; table[]={0x3f,0x06,0x5b,0x4f,0x66,0x6d,0x7d,0x07,0x7f,0x6f,0x77,0x7c,0x39,0x5e,0x79,0x71};
 0000           ; 
 0000           ; 
 0000           ; /***************************************************
 0000           ; 宏定义名称：IO端口操作宏定义。
 0000           ; 功      能：实现数码管的位选。
 0000           ; ***************************************************/
 0000           ; #define SET_WEI1 PORTC|=~BIT(5)   
 0000           ; #define SET_WEI2 PORTC|=~BIT(4)
 0000           ; #define SET_WEI3 PORTC|=~BIT(2)
 0000           ; 
 0000           ; #define CLR_WEI1 PORTC&=~BIT(5)
 0000           ; #define CLR_WEI2 PORTC&=BIT(4)
 0000           ; #define CLR_WEI3 PORTC&=BIT(2)
 0000           ; #define CLR_ALL  PORTC&=0XC9
 0000           ; /*#define SET_WEI1 PORTC&=~BIT(1)   
 0000           ; #define SET_WEI2 PORTC&=~BIT(2)
 0000           ; #define SET_WEI3 PORTC&=~BIT(4)
 0000           ; #define SET_WEI4 PORTC&=~BIT(5)
 0000           ; 
 0000           ; #define CLR_WEI1 PORTC|=~BIT(1)
 0000           ; #define CLR_WEI2 PORTC|=BIT(2)
 0000           ; #define CLR_WEI3 PORTC|=BIT(4)
 0000           ; #define CLR_WEI4 PORTC|=BIT(5)
 0000           ; #define CLR_ALL  PORTC|=0X34*/
 0000           ; unsigned char  falg1;
 0000           ; uchar code_value=0;
 0000           ; uchar key_code[4],code='_';
 0000           ; //******************红外引脚************************************                          
 0000           ; #define hongwai_bit   PD6
 0000           ; #define hongwai_in    DDRD&=~BIT(hongwai_bit)
 0000           ; #define RED_R  (PIND & BIT(hongwai_bit))
 0000           ; /*******************************************
 0000           ; 函数名称: IO口初始化程序
 0000           ; 功    能: 实现IO初始化
 0000           ; 参    数: 无
 0000           ; 返 回 值: 无
 0000           ; /********************************************/
 0000           ; void port_init(void)
 0000           ; {
 0000                   .dbline 250
 0000           ;  PORTC = 0x00;
 0000 2224              clr R2
 0002 28B8              out 0x8,R2
 0004                   .dbline 251
 0004           ;  DDRC  = 0x3F;
 0004 8FE3              ldi R24,63
 0006 87B9              out 0x7,R24
 0008                   .dbline 252
 0008           ;  PORTB = 0xFF;
 0008 8FEF              ldi R24,255
 000A 85B9              out 0x5,R24
 000C                   .dbline 253
 000C           ;  DDRB  = 0xFF;
 000C 84B9              out 0x4,R24
 000E                   .dbline 254
 000E           ;  DDRD=0xFF;
 000E 8AB9              out 0xa,R24
 0010                   .dbline 255
 0010           ;  hongwai_in;//设置PD2（INT0）为输入
 0010 5698              cbi 0xa,6
 0012                   .dbline 256
 0012           ;  PORTD&=~BIT(hongwai_bit);//带上拉电阻
 0012 5E98              cbi 0xb,6
 0014                   .dbline -2
 0014           L1:
 0014                   .dbline 0 ; func end
 0014 0895              ret
 0016                   .dbend
 0016                   .dbfunc e Delay_ms _Delay_ms fV
 0016           ;              i -> R20,R21
 0016           ;              j -> R22,R23
 0016           ;             ms -> R16,R17
                        .even
 0016           _Delay_ms::
 0016 00D0              rcall push_xgsetF000
 0018                   .dbline -1
 0018                   .dbline 266
 0018           ; }
 0018           ; 
 0018           ; /*******************************************
 0018           ; 函数名称: 软件延时函数
 0018           ; 功    能: 实现软件延时
 0018           ; 参    数: ms--延时的毫秒数
 0018           ; 返 回 值: 无
 0018           ; /********************************************/
 0018           ; void Delay_ms(uint ms)
 0018           ; {
 0018                   .dbline 268
 0018           ;    unsigned int i,j;
 0018           ;    for(i=0;i<ms;i++)
 0018 4427              clr R20
 001A 5527              clr R21
 001C 0BC0              rjmp L6
 001E           L3:
 001E                   .dbline 269
 001E           ;      for(j=0;j<1141;j++);//1141是在8MHz晶振下，通过软件仿真反复实验得到的数值
 001E 6627              clr R22
 0020 7727              clr R23
 0022 02C0              rjmp L10
 0024           L7:
 0024                   .dbline 269
 0024           L8:
 0024                   .dbline 269
 0024 6F5F              subi R22,255  ; offset = 1
 0026 7F4F              sbci R23,255
 0028           L10:
 0028                   .dbline 269
 0028 6537              cpi R22,117
 002A E4E0              ldi R30,4
 002C 7E07              cpc R23,R30
 002E D0F3              brlo L7
 0030           X0:
 0030           L4:
 0030                   .dbline 268
 0030 4F5F              subi R20,255  ; offset = 1
 0032 5F4F              sbci R21,255
 0034           L6:
 0034                   .dbline 268
 0034 4017              cp R20,R16
 0036 5107              cpc R21,R17
 0038 90F3              brlo L3
 003A           X1:
 003A                   .dbline -2
 003A           L2:
 003A                   .dbline 0 ; func end
 003A 00C0              rjmp pop_xgsetF000
 003C                   .dbsym r i 20 i
 003C                   .dbsym r j 22 i
 003C                   .dbsym r ms 16 i
 003C                   .dbend
 003C                   .dbfunc e disp_smg _disp_smg fV
 003C           ;            wei -> R10
 003C           ;          value -> R12
                        .even
 003C           _disp_smg::
 003C 00D0              rcall push_xgset303C
 003E A22E              mov R10,R18
 0040 C02E              mov R12,R16
 0042                   .dbline -1
 0042                   .dbline 279
 0042           ; }
 0042           ; 
 0042           ; /*************************************************************
 0042           ; 函数名称: 数码管显示函数。
 0042           ; 功    能: 实现在某位数码管上显示要显示的数值。
 0042           ; 参    数: value--数码管上要显示的值；wei--在哪一位数码管上显示
 0042           ; 返 回 值: 无
 0042           ; /************************************************************/
 0042           ; void disp_smg(uchar value,uchar wei)
 0042           ; {
 0042                   .dbline 280
 0042           ;   PORTB=value;//给数码管赋值
 0042 C5B8              out 0x5,R12
 0044                   .dbline 281
 0044           ;   switch(wei)
 0044 4A2D              mov R20,R10
 0046 5527              clr R21
 0048 4130              cpi R20,1
 004A E0E0              ldi R30,0
 004C 5E07              cpc R21,R30
 004E 49F0              breq L15
 0050           X2:
 0050 4230              cpi R20,2
 0052 E0E0              ldi R30,0
 0054 5E07              cpc R21,R30
 0056 49F0              breq L16
 0058           X3:
 0058 4330              cpi R20,3
 005A E0E0              ldi R30,0
 005C 5E07              cpc R21,R30
 005E 49F0              breq L17
 0060           X4:
 0060 0BC0              rjmp L13
 0062           L15:
 0062                   .dbline 283
 0062           ;     {
 0062           ;         case 1:SET_WEI1;break;
 0062 88B1              in R24,0x8
 0064 8F6D              ori R24,223
 0066 88B9              out 0x8,R24
 0068                   .dbline 283
 0068 07C0              rjmp L13
 006A           L16:
 006A                   .dbline 284
 006A           ;         case 2:SET_WEI2;break;
 006A 88B1              in R24,0x8
 006C 8F6E              ori R24,239
 006E 88B9              out 0x8,R24
 0070                   .dbline 284
 0070 03C0              rjmp L13
 0072           L17:
 0072                   .dbline 285
 0072           ;         case 3:SET_WEI3;break;
 0072 88B1              in R24,0x8
 0074 8B6F              ori R24,251
 0076 88B9              out 0x8,R24
 0078                   .dbline 285
 0078                   .dbline 286
 0078           ;         default:break;
 0078           L13:
 0078                   .dbline 288
 0078           ;       }
 0078           ;   Delay_ms(2);//延时2ms
 0078 02E0              ldi R16,2
 007A 10E0              ldi R17,0
 007C CCDF              rcall _Delay_ms
 007E                   .dbline 289
 007E           ;   CLR_ALL;//关显示
 007E 88B1              in R24,0x8
 0080 897C              andi R24,201
 0082 88B9              out 0x8,R24
 0084                   .dbline -2
 0084           L11:
 0084                   .dbline 0 ; func end
 0084 00C0              rjmp pop_xgset303C
 0086                   .dbsym r wei 10 c
 0086                   .dbsym r value 12 c
 0086                   .dbend
 0086                   .dbfunc e hongwai _hongwai fV
 0086           ;              i -> R20
 0086           ;              j -> R10
 0086           ;              k -> R22
                        .even
 0086           _hongwai::
 0086 00D0              rcall push_xgsetF00C
 0088                   .dbline -1
 0088                   .dbline 295
 0088           ; }
 0088           ; //*************************************************************************
 0088           ; // 遥控器解码子程序
 0088           ; //*************************************************************************
 0088           ; void hongwai()
 0088           ; {
 0088                   .dbline 296
 0088           ;        uchar i,j,k = 0;
 0088 6627              clr R22
 008A                   .dbline 297
 008A           ;        for(i = 0;i < 20;i++)
 008A 4427              clr R20
 008C 07C0              rjmp L22
 008E           L19:
 008E                   .dbline 298
 008E           ;        {
 008E                   .dbline 299
 008E           ;          Delayus(500);           //延时500us
 008E 04EF              ldi R16,500
 0090 11E0              ldi R17,1
 0092 38D0              rcall _Delayus
 0094                   .dbline 300
 0094           ;          if(RED_R)                //12ms内有高电平，则判断为干扰，退出处理程序
 0094 4E9B              sbis 0x9,6
 0096 01C0              rjmp L23
 0098           X5:
 0098                   .dbline 301
 0098           ;          {
 0098                   .dbline 302
 0098           ;               return;
 0098 34C0              rjmp L18
 009A           L23:
 009A                   .dbline 304
 009A           ;          }
 009A           ;        }
 009A           L20:
 009A                   .dbline 297
 009A 4395              inc R20
 009C           L22:
 009C                   .dbline 297
 009C 4431              cpi R20,20
 009E B8F3              brlo L19
 00A0           X6:
 00A0           L25:
 00A0                   .dbline 306
 00A0           ;        
 00A0           ;        while(!RED_R);            //等待6ms低电平过去
 00A0           L26:
 00A0                   .dbline 306
 00A0 4E9B              sbis 0x9,6
 00A2 FECF              rjmp L25
 00A4           X7:
 00A4           L28:
 00A4                   .dbline 317
 00A4           ; 
 00A4           ;       /* for(i=0;i<10;i++)          //是否连发码
 00A4           ;        {
 00A4           ;          Delayus(500);
 00A4           ;          if(!RED_R)
 00A4           ;          {
 00A4           ;          return;
 00A4           ;          }
 00A4           ;        }
 00A4           ; */
 00A4           ;        while(RED_R);               //等待6ms高电平过去
 00A4           L29:
 00A4                   .dbline 317
 00A4 4E99              sbic 0x9,6
 00A6 FECF              rjmp L28
 00A8           X8:
 00A8                   .dbline 319
 00A8           ; 
 00A8           ;        for(i=0;i<2;i++)
 00A8 4427              clr R20
 00AA 29C0              rjmp L34
 00AC           L31:
 00AC                   .dbline 320
 00AC           ;        {
 00AC                   .dbline 321
 00AC           ;            for(j = 0;j < 8;j++)      //每个字节的数据8位
 00AC AA24              clr R10
 00AE 1AC0              rjmp L38
 00B0           L39:
 00B0                   .dbline 323
 00B0           ;                {
 00B0           ;                  while(!RED_R);           //等待变高电平
 00B0           L40:
 00B0                   .dbline 323
 00B0 4E9B              sbis 0x9,6
 00B2 FECF              rjmp L39
 00B4           X9:
 00B4 08C0              rjmp L43
 00B6           L42:
 00B6                   .dbline 325
 00B6           ;                  while(RED_R)             //计算高电平时间
 00B6           ;                   {
 00B6                   .dbline 326
 00B6           ;            Delayus(100);
 00B6 04E6              ldi R16,100
 00B8 10E0              ldi R17,0
 00BA 24D0              rcall _Delayus
 00BC                   .dbline 327
 00BC           ;                k++;
 00BC 6395              inc R22
 00BE                   .dbline 328
 00BE           ;                if(k >130)               //高电平时间过长，则退出处理程序
 00BE 82E8              ldi R24,130
 00C0 8617              cp R24,R22
 00C2 08F4              brsh L45
 00C4           X10:
 00C4                   .dbline 329
 00C4           ;                  {
 00C4                   .dbline 330
 00C4           ;                    return;        
 00C4 1EC0              rjmp L18
 00C6           L45:
 00C6                   .dbline 333
 00C6           ;                  }
 00C6           ;    
 00C6           ;                   }
 00C6           L43:
 00C6                   .dbline 324
 00C6 4E99              sbic 0x9,6
 00C8 F6CF              rjmp L42
 00CA           X11:
 00CA                   .dbline 334
 00CA           ;                  code_value>>=1;          //接受一位数据
 00CA 2090B201          lds R2,_code_value
 00CE 2694              lsr R2
 00D0 2092B201          sts _code_value,R2
 00D4                   .dbline 335
 00D4           ;                  if(k >= 70)
 00D4 6634              cpi R22,70
 00D6 20F0              brlo L47
 00D8           X12:
 00D8                   .dbline 336
 00D8           ;                   {
 00D8                   .dbline 337
 00D8           ;            code_value|=0x80;       //高电平时间大于6，则为数据1
 00D8 822D              mov R24,R2
 00DA 8068              ori R24,128
 00DC 8093B201          sts _code_value,R24
 00E0                   .dbline 338
 00E0           ;                   }
 00E0           L47:
 00E0                   .dbline 339
 00E0           ;                  k = 0;                  //计时清零
 00E0 6627              clr R22
 00E2                   .dbline 340
 00E2           ;                }
 00E2           L36:
 00E2                   .dbline 321
 00E2 A394              inc R10
 00E4           L38:
 00E4                   .dbline 321
 00E4 8A2D              mov R24,R10
 00E6 8830              cpi R24,8
 00E8 18F3              brlo L40
 00EA           X13:
 00EA                   .dbline 341
 00EA           ;                key_code[i]=code_value;
 00EA 80E0              ldi R24,<_key_code
 00EC 90E0              ldi R25,>_key_code
 00EE E42F              mov R30,R20
 00F0 FF27              clr R31
 00F2 E80F              add R30,R24
 00F4 F91F              adc R31,R25
 00F6 2090B201          lds R2,_code_value
 00FA 2082              std z+0,R2
 00FC                   .dbline 342
 00FC           ;        }
 00FC           L32:
 00FC                   .dbline 319
 00FC 4395              inc R20
 00FE           L34:
 00FE                   .dbline 319
 00FE 4230              cpi R20,2
 0100 A8F2              brlo L31
 0102           X14:
 0102                   .dbline -2
 0102           L18:
 0102                   .dbline 0 ; func end
 0102 00C0              rjmp pop_xgsetF00C
 0104                   .dbsym r i 20 c
 0104                   .dbsym r j 10 c
 0104                   .dbsym r k 22 c
 0104                   .dbend
 0104                   .dbfunc e Delayus _Delayus fV
 0104           ;              i -> R20,R21
 0104           ;             US -> R10,R11
                        .even
 0104           _Delayus::
 0104 00D0              rcall push_xgset300C
 0106 5801              movw R10,R16
 0108                   .dbline -1
 0108                   .dbline 351
 0108           ; }
 0108           ; /*******************************************
 0108           ; 函数名称: Delayus
 0108           ; 功    能: 延时指定微秒（8M晶振）
 0108           ; 参    数: US--延时的微秒数(大约，不是很精确，MS越大越准确)
 0108           ; 返回值  : 无
 0108           ; /********************************************/
 0108           ; void Delayus(uint US)           
 0108           ; {
 0108                   .dbline 353
 0108           ;  uint i;
 0108           ;  US=US*5/4;                    //5/4是在8MHz晶振下，通过软件仿真反复实验得到的数值
 0108 05E0              ldi R16,5
 010A 10E0              ldi R17,0
 010C 9501              movw R18,R10
 010E 00D0              rcall empy16s
 0110 5801              movw R10,R16
 0112 B694              lsr R11
 0114 A794              ror R10
 0116 B694              lsr R11
 0118 A794              ror R10
 011A                   .dbline 354
 011A           ;  for( i=0;i<US;i++); 
 011A 4427              clr R20
 011C 5527              clr R21
 011E 02C0              rjmp L53
 0120           L50:
 0120                   .dbline 354
 0120           L51:
 0120                   .dbline 354
 0120 4F5F              subi R20,255  ; offset = 1
 0122 5F4F              sbci R21,255
 0124           L53:
 0124                   .dbline 354
 0124 4A15              cp R20,R10
 0126 5B05              cpc R21,R11
 0128 D8F3              brlo L50
 012A           X15:
 012A                   .dbline -2
 012A           L49:
 012A                   .dbline 0 ; func end
 012A 00C0              rjmp pop_xgset300C
 012C                   .dbsym r i 20 i
 012C                   .dbsym r US 10 i
 012C                   .dbend
 012C                   .dbfunc e main _main fV
 012C           ;     temprature -> <dead>
 012C           ;             a1 -> R20,R21
 012C           ;           dis3 -> R10,R11
 012C           ;           dis2 -> R12,R13
 012C           ;           dis1 -> R14,R15
 012C           ;              i -> R20,R21
                        .even
 012C           _main::
 012C                   .dbline -1
 012C                   .dbline 363
 012C           ; }
 012C           ; /********************************************
 012C           ; 函数名称: 主函数
 012C           ; 功    能: 实现函数主体功能。
 012C           ; 参    数: 无
 012C           ; 返 回 值: 无
 012C           ; ********************************************/
 012C           ; void main(void)
 012C           ; { uint dis1,dis2,dis3,i,a1=0,temprature;
 012C                   .dbline 363
 012C 4427              clr R20
 012E 5527              clr R21
 0130                   .dbline 364
 0130           ;   port_init();//端口初始化
 0130 67DF              rcall _port_init
 0132 64C0              rjmp L56
 0134           L55:
 0134                   .dbline 366
 0134           ;   while(1)
 0134           ;     {
 0134                   .dbline 367
 0134           ;         hongwai();
 0134 A8DF              rcall _hongwai
 0136                   .dbline 368
 0136           ;         if(key_code[0]==(~key_code[1]))
 0136 20900100          lds R2,_key_code+1
 013A 2094              com R2
 013C 30900000          lds R3,_key_code
 0140 3214              cp R3,R2
 0142 09F0              breq X19
 0144 2FC0              rjmp L58
 0146           X19:
 0146           X16:
 0146                   .dbline 369
 0146           ;        { 
 0146                   .dbline 370
 0146           ;          a1=key_code[0];
 0146 432D              mov R20,R3
 0148 5527              clr R21
 014A                   .dbline 372
 014A           ;         // temprature=temp_value[a1];
 014A           ;          dis1=temp_value[a1]/100%10;//计算红外用户码的百位数据
 014A 80E0              ldi R24,<_temp_value
 014C 90E0              ldi R25,>_temp_value
 014E FA01              movw R30,R20
 0150 EE0F              lsl R30
 0152 FF1F              rol R31
 0154 E80F              add R30,R24
 0156 F91F              adc R31,R25
 0158 0081              ldd R16,z+0
 015A 1181              ldd R17,z+1
 015C 24E6              ldi R18,100
 015E 30E0              ldi R19,0
 0160 00D0              rcall div16s
 0162 2AE0              ldi R18,10
 0164 30E0              ldi R19,0
 0166 00D0              rcall mod16s
 0168 7801              movw R14,R16
 016A                   .dbline 373
 016A           ;        dis2=temp_value[a1]/10%10;//计算红外用户码的十位数据
 016A 80E0              ldi R24,<_temp_value
 016C 90E0              ldi R25,>_temp_value
 016E FA01              movw R30,R20
 0170 EE0F              lsl R30
 0172 FF1F              rol R31
 0174 E80F              add R30,R24
 0176 F91F              adc R31,R25
 0178 0081              ldd R16,z+0
 017A 1181              ldd R17,z+1
 017C 2AE0              ldi R18,10
 017E 30E0              ldi R19,0
 0180 00D0              rcall div16s
 0182 2AE0              ldi R18,10
 0184 30E0              ldi R19,0
 0186 00D0              rcall mod16s
 0188 6801              movw R12,R16
 018A                   .dbline 374
 018A           ;        dis3=temp_value[a1]%10;}//计算红外用户码的个位数据
 018A 80E0              ldi R24,<_temp_value
 018C 90E0              ldi R25,>_temp_value
 018E FA01              movw R30,R20
 0190 EE0F              lsl R30
 0192 FF1F              rol R31
 0194 E80F              add R30,R24
 0196 F91F              adc R31,R25
 0198 0081              ldd R16,z+0
 019A 1181              ldd R17,z+1
 019C 2AE0              ldi R18,10
 019E 30E0              ldi R19,0
 01A0 00D0              rcall mod16s
 01A2 5801              movw R10,R16
 01A4                   .dbline 374
 01A4           L58:
 01A4                   .dbline 375
 01A4           ;          for( i=0;i<10;i++)
 01A4 4427              clr R20
 01A6 5527              clr R21
 01A8 25C0              rjmp L64
 01AA           L61:
 01AA                   .dbline 376
 01AA           ;               {
 01AA                   .dbline 377
 01AA           ;                 disp_smg(table[dis1],3);
 01AA 23E0              ldi R18,3
 01AC 80E0              ldi R24,<_table
 01AE 90E0              ldi R25,>_table
 01B0 F701              movw R30,R14
 01B2 EE0F              lsl R30
 01B4 FF1F              rol R31
 01B6 E80F              add R30,R24
 01B8 F91F              adc R31,R25
 01BA 0081              ldd R16,z+0
 01BC 1181              ldd R17,z+1
 01BE 3EDF              rcall _disp_smg
 01C0                   .dbline 379
 01C0           ;                 //  while(RED_R==0)hongwai();
 01C0           ;                 disp_smg(table[dis2]+0x80,2);
 01C0 22E0              ldi R18,2
 01C2 80E0              ldi R24,<_table
 01C4 90E0              ldi R25,>_table
 01C6 F601              movw R30,R12
 01C8 EE0F              lsl R30
 01CA FF1F              rol R31
 01CC E80F              add R30,R24
 01CE F91F              adc R31,R25
 01D0 0081              ldd R16,z+0
 01D2 1181              ldd R17,z+1
 01D4 0058              subi R16,128  ; offset = 128
 01D6 1F4F              sbci R17,255
 01D8 31DF              rcall _disp_smg
 01DA                   .dbline 381
 01DA           ;                 //  while(RED_R==0)hongwai(); 
 01DA           ;                 disp_smg(table[dis3],1);
 01DA 21E0              ldi R18,1
 01DC 80E0              ldi R24,<_table
 01DE 90E0              ldi R25,>_table
 01E0 F501              movw R30,R10
 01E2 EE0F              lsl R30
 01E4 FF1F              rol R31
 01E6 E80F              add R30,R24
 01E8 F91F              adc R31,R25
 01EA 0081              ldd R16,z+0
 01EC 1181              ldd R17,z+1
 01EE 26DF              rcall _disp_smg
 01F0                   .dbline 382
 01F0           ;           }
 01F0           L62:
 01F0                   .dbline 375
 01F0 4F5F              subi R20,255  ; offset = 1
 01F2 5F4F              sbci R21,255
 01F4           L64:
 01F4                   .dbline 375
 01F4 4A30              cpi R20,10
 01F6 E0E0              ldi R30,0
 01F8 5E07              cpc R21,R30
 01FA B8F2              brlo L61
 01FC           X17:
 01FC                   .dbline 383
 01FC           ;        }
 01FC           L56:
 01FC                   .dbline 365
 01FC 9BCF              rjmp L55
 01FE           X18:
 01FE                   .dbline -2
 01FE           L54:
 01FE                   .dbline 0 ; func end
 01FE 0895              ret
 0200                   .dbsym l temprature 1 i
 0200                   .dbsym r a1 20 i
 0200                   .dbsym r dis3 10 i
 0200                   .dbsym r dis2 12 i
 0200                   .dbsym r dis1 14 i
 0200                   .dbsym r i 20 i
 0200                   .dbend
                        .area bss(ram, con, rel)
 0000                   .dbfile C:\Users\zteng\OneDrive\文档\电子线路设计\1接收板程序\smg_run.c
 0000           _key_code::
 0000                   .blkb 4
 0004                   .dbsym e key_code _key_code A[4:4]c
 0004           _falg1::
 0004                   .blkb 1
 0005                   .dbsym e falg1 _falg1 c
 0005           ;   
 0005           ;       
 0005           ; }
